Arguments: 
  /usr/bin/node /usr/share/yarn/bin/yarn.js add bootstrap@next

PATH: 
  /home/mike/.rbenv/shims:/home/mike/.rbenv/bin:/home/mike/.rbenv/shims:/home/mike/.rbenv/bin:/home/mike/anaconda3/bin:/home/mike/.local/bin:/home/mike/.rbenv/shims:/home/mike/.rbenv/bin:/home/mike/.rbenv/shims:/home/mike/.rbenv/bin:/home/mike/anaconda3/bin:/home/mike/anaconda3/condabin:/home/mike/anaconda3/bin:/home/mike/.local/bin:/usr/local/sbin:/usr/local/bin:/usr/sbin:/usr/bin:/sbin:/bin:/usr/games:/usr/local/games:/snap/bin

Yarn version: 
  1.22.5

Node version: 
  10.19.0

Platform: 
  linux x64

Trace: 
  Error: getaddrinfo EAI_AGAIN registry.yarnpkg.com registry.yarnpkg.com:443
      at GetAddrInfoReqWrap.onlookup [as oncomplete] (dns.js:56:26)

npm manifest: 
  {
    "dependencies": {
      "@popperjs/core": "^2.6.0"
    }
  }

yarn manifest: 
  No manifest

Lockfile: 
  # THIS IS AN AUTOGENERATED FILE. DO NOT EDIT THIS FILE DIRECTLY.
  # yarn lockfile v1
  
  
  "@popperjs/core@^2.6.0":
    version "2.6.0"
    resolved "https://registry.yarnpkg.com/@popperjs/core/-/core-2.6.0.tgz#f022195afdfc942e088ee2101285a1d31c7d727f"
    integrity sha512-cPqjjzuFWNK3BSKLm0abspP0sp/IGOli4p5I5fKFAzdS8fvjdOwDCfZqAaIiXd9lPkOWi3SUUfZof3hEb7J/uw==
